<?xml version="1.0" encoding="UTF-8"?>
<!-- Generated by org.testng.reporters.JUnitReportReporter -->
<testsuite hostname="ATMECSCBELT-011" failures="0" tests="1" name="com.lambdatest.TestNGTodoMobile1" time="67.602" errors="1" timestamp="2023-06-28T15:35:33 IST" skipped="0">
  <testcase classname="com.lambdatest.TestNGTodoMobile1" name="basicTest" time="67.602">
    <error message="no such element: Unable to locate element: {&quot;method&quot;:&quot;name&quot;,&quot;selector&quot;:&quot;li7&quot;}
  (Session info: chrome=114.0.5735.196)
  (Driver info: chromedriver=114.0.5735.90 (386bc09e8f4f2e025eddae123f36f6263096ae49-refs/branch-heads/5735@{#1052}),platform=Linux 5.4.0-121-generic x86_64) (WARNING: The server did not provide any stacktrace information)
Command duration or timeout: 0 milliseconds
For documentation on this error, please visit: http://seleniumhq.org/exceptions/no_such_element.html
Build info: version: &#039;3.13.0&#039;, revision: &#039;2f0d292&#039;, time: &#039;2018-06-25T15:24:21.231Z&#039;
System info: host: &#039;ATMECSCBELT-011&#039;, ip: &#039;60.60.60.106&#039;, os.name: &#039;Windows 11&#039;, os.arch: &#039;amd64&#039;, os.version: &#039;10.0&#039;, java.version: &#039;17.0.6&#039;
Driver info: org.openqa.selenium.remote.RemoteWebDriver
Capabilities {appActivity: com.google.android.apps.chr..., appPackage: com.android.chrome, autoAcceptAlerts: true, browserName: Chrome, chromeOptions: {args: [], w3c: false}, chromedriverExecutableDir: /appium/assets/drivers/chro..., chromedriverPorts: [[11001, 11049]], databaseEnabled: false, desired: {autoAcceptAlerts: true, browserName: Chrome, chromeOptions: {args: [], w3c: false}, chromedriverExecutableDir: /appium/assets/drivers/chro..., chromedriverPorts: [[11001, 11049]], deviceName: Pixel 7 Pro, headless: false, nativeWebScreenshot: true, newCommandTimeout: 0, orientation: PORTRAIT, platformName: Android, platformVersion: 13, udid: 28121FDH3000AQ, waitForQuiescence: false}, deviceApiLevel: 33, deviceManufacturer: Google, deviceModel: Pixel 7 Pro, deviceName: 28121FDH3000AQ, deviceScreenDensity: 420, deviceScreenSize: 1080x2340, deviceUDID: 28121FDH3000AQ, headless: false, javascriptEnabled: true, locationContextEnabled: false, nativeWebScreenshot: true, networkConnectionEnabled: true, newCommandTimeout: 0, orientation: PORTRAIT, pixelRatio: 2.625, platform: ANDROID, platformName: ANDROID, platformVersion: 13, statBarHeight: 130, takesScreenshot: true, udid: 28121FDH3000AQ, viewportRect: {height: 1986, left: 0, top: 130, width: 1080}, waitForQuiescence: false, warnings: {}, webStorageEnabled: false}
Session ID: 061e187a-7dbc-459d-abef-3f0c4753c25e
*** Element info: {Using=name, value=li7}" type="org.openqa.selenium.NoSuchElementException">
      <![CDATA[org.openqa.selenium.NoSuchElementException: no such element: Unable to locate element: {"method":"name","selector":"li7"}
  (Session info: chrome=114.0.5735.196)
  (Driver info: chromedriver=114.0.5735.90 (386bc09e8f4f2e025eddae123f36f6263096ae49-refs/branch-heads/5735@{#1052}),platform=Linux 5.4.0-121-generic x86_64) (WARNING: The server did not provide any stacktrace information)
Command duration or timeout: 0 milliseconds
For documentation on this error, please visit: http://seleniumhq.org/exceptions/no_such_element.html
Build info: version: '3.13.0', revision: '2f0d292', time: '2018-06-25T15:24:21.231Z'
System info: host: 'ATMECSCBELT-011', ip: '60.60.60.106', os.name: 'Windows 11', os.arch: 'amd64', os.version: '10.0', java.version: '17.0.6'
Driver info: org.openqa.selenium.remote.RemoteWebDriver
Capabilities {appActivity: com.google.android.apps.chr..., appPackage: com.android.chrome, autoAcceptAlerts: true, browserName: Chrome, chromeOptions: {args: [], w3c: false}, chromedriverExecutableDir: /appium/assets/drivers/chro..., chromedriverPorts: [[11001, 11049]], databaseEnabled: false, desired: {autoAcceptAlerts: true, browserName: Chrome, chromeOptions: {args: [], w3c: false}, chromedriverExecutableDir: /appium/assets/drivers/chro..., chromedriverPorts: [[11001, 11049]], deviceName: Pixel 7 Pro, headless: false, nativeWebScreenshot: true, newCommandTimeout: 0, orientation: PORTRAIT, platformName: Android, platformVersion: 13, udid: 28121FDH3000AQ, waitForQuiescence: false}, deviceApiLevel: 33, deviceManufacturer: Google, deviceModel: Pixel 7 Pro, deviceName: 28121FDH3000AQ, deviceScreenDensity: 420, deviceScreenSize: 1080x2340, deviceUDID: 28121FDH3000AQ, headless: false, javascriptEnabled: true, locationContextEnabled: false, nativeWebScreenshot: true, networkConnectionEnabled: true, newCommandTimeout: 0, orientation: PORTRAIT, pixelRatio: 2.625, platform: ANDROID, platformName: ANDROID, platformVersion: 13, statBarHeight: 130, takesScreenshot: true, udid: 28121FDH3000AQ, viewportRect: {height: 1986, left: 0, top: 130, width: 1080}, waitForQuiescence: false, warnings: {}, webStorageEnabled: false}
Session ID: 061e187a-7dbc-459d-abef-3f0c4753c25e
*** Element info: {Using=name, value=li7}
at java.base/jdk.internal.reflect.NativeConstructorAccessorImpl.newInstance0(Native Method)
at java.base/jdk.internal.reflect.NativeConstructorAccessorImpl.newInstance(NativeConstructorAccessorImpl.java:77)
at java.base/jdk.internal.reflect.DelegatingConstructorAccessorImpl.newInstance(DelegatingConstructorAccessorImpl.java:45)
at java.base/java.lang.reflect.Constructor.newInstanceWithCaller(Constructor.java:499)
at java.base/java.lang.reflect.Constructor.newInstance(Constructor.java:480)
at org.openqa.selenium.remote.ErrorHandler.createThrowable(ErrorHandler.java:214)
at org.openqa.selenium.remote.ErrorHandler.throwIfResponseFailed(ErrorHandler.java:166)
at org.openqa.selenium.remote.http.JsonHttpResponseCodec.reconstructValue(JsonHttpResponseCodec.java:40)
at org.openqa.selenium.remote.http.AbstractHttpResponseCodec.decode(AbstractHttpResponseCodec.java:80)
at org.openqa.selenium.remote.http.AbstractHttpResponseCodec.decode(AbstractHttpResponseCodec.java:44)
at org.openqa.selenium.remote.HttpCommandExecutor.execute(HttpCommandExecutor.java:158)
at org.openqa.selenium.remote.RemoteWebDriver.execute(RemoteWebDriver.java:548)
at org.openqa.selenium.remote.RemoteWebDriver.findElement(RemoteWebDriver.java:322)
at org.openqa.selenium.remote.RemoteWebDriver.findElementByName(RemoteWebDriver.java:400)
at org.openqa.selenium.By$ByName.findElement(By.java:284)
at org.openqa.selenium.remote.RemoteWebDriver.findElement(RemoteWebDriver.java:314)
at com.lambdatest.TestNGTodoMobile1.basicTest(TestNGTodoMobile1.java:81)
at java.base/jdk.internal.reflect.NativeMethodAccessorImpl.invoke0(Native Method)
at java.base/jdk.internal.reflect.NativeMethodAccessorImpl.invoke(NativeMethodAccessorImpl.java:77)
at java.base/jdk.internal.reflect.DelegatingMethodAccessorImpl.invoke(DelegatingMethodAccessorImpl.java:43)
at java.base/java.lang.reflect.Method.invoke(Method.java:568)
at org.testng.internal.invokers.MethodInvocationHelper.invokeMethod(MethodInvocationHelper.java:139)
at org.testng.internal.invokers.TestInvoker.invokeMethod(TestInvoker.java:677)
at org.testng.internal.invokers.TestInvoker.invokeTestMethod(TestInvoker.java:221)
at org.testng.internal.invokers.MethodRunner.runInSequence(MethodRunner.java:50)
at org.testng.internal.invokers.TestInvoker$MethodInvocationAgent.invoke(TestInvoker.java:969)
at org.testng.internal.invokers.TestInvoker.invokeTestMethods(TestInvoker.java:194)
at org.testng.internal.invokers.TestMethodWorker.invokeTestMethods(TestMethodWorker.java:148)
at org.testng.internal.invokers.TestMethodWorker.run(TestMethodWorker.java:128)
at java.base/java.util.concurrent.ThreadPoolExecutor.runWorker(ThreadPoolExecutor.java:1136)
at java.base/java.util.concurrent.ThreadPoolExecutor$Worker.run(ThreadPoolExecutor.java:635)
at java.base/java.lang.Thread.run(Thread.java:833)
]]>
    </error>
  </testcase> <!-- basicTest -->
  <system-out/>
</testsuite> <!-- com.lambdatest.TestNGTodoMobile1 -->
